<?xml version="1.0" encoding="UTF-8"?>
<testsuite name="JUnit Jupiter" tests="1" skipped="0" failures="0" errors="0" time="0.035" hostname="shine-VirtualBox" timestamp="2019-09-30T11:23:30">
<properties>
[...]
</properties>
<testcase name="testShoutReturnsUpperCase()" classname="com.galvanize.EchoTest" time="0.009">
<system-out><![CDATA[
unique-id: [engine:junit-jupiter]/[class:com.galvanize.EchoTest]/[method:testShoutReturnsUpperCase()]
display-name: testShoutReturnsUpperCase()
]]></system-out>
</testcase>
<system-out><![CDATA[
unique-id: [engine:junit-jupiter]
display-name: JUnit Jupiter
]]></system-out>
</testsuite>
